Factory Details:
  Long name:	PGM GStreamer-source
  Class:	Source/Network/Protocol/Device
  Description:	PGM connectivity
  Author(s):	Miru Limited <mail@miru.hk>
  Rank:		none (0)

Plugin Details:
  Name:			pgm
  Description:		PGM connectivity
  Filename:		./libgstpgm.so
  Version:		0.0.1
  License:		GPL
  Source module:	gstpgm
  Binary package:	gstpgm
  Origin URL:		http://miru.hk/

GObject
 +----GstObject
       +----GstElement
             +----GstBaseSrc
                   +----GstPushSrc
                         +----GstPgmSrc

Pad Templates:
  SRC template: 'src'
    Availability: Always
    Capabilities:
      ANY


Element Flags:
  no flags set

Element Implementation:
  No loopfunc(), must be chain-based or not configured yet
  Has change_state() function: gst_base_src_change_state
  Has custom save_thyself() function: gst_element_save_thyself
  Has custom restore_thyself() function: gst_element_restore_thyself

Element has no clocking capabilities.
Element has no indexing capabilities.

Pads:
  SRC: 'src'
    Implementation:
      Has getrangefunc(): gst_base_src_pad_get_range
      Has custom eventfunc(): gst_base_src_event_handler
      Has custom queryfunc(): gst_base_src_query
    Pad Template: 'src'

Element Properties:
  name                : The name of the object
                        flags: readable, writable
                        String. Default: null Current: "pgmsrc0"
  blocksize           : Size in bytes to read per buffer (0 = default)
                        flags: readable, writable
                        Unsigned Long. Range: 0 - 18446744073709551615 Default: 4096 Current: 4096
  num-buffers         : Number of buffers to output before sending EOS
                        flags: readable, writable
                        Integer. Range: -1 - 2147483647 Default: -1 Current: -1
  typefind            : Run typefind before negotiating
                        flags: readable, writable
                        Boolean. Default: false Current: false
  network             : Rendezvous style multicast network definition.
                        flags: readable, writable
                        String. Default: ";239.192.0.1" Current: ";239.192.0.1"
  dport               : Data-destination port.
                        flags: readable, writable
                        Unsigned Integer. Range: 0 - 65535 Default: 7500 Current: 7500
  uri                 : URI in the form of pgm://adapter;receive-multicast-groups;send-multicast-group:destination-port:udp-encapsulation-port
                        flags: readable, writable
                        String. Default: "pgm://;239.192.0.1:7500:3056" Current: "pgm://;239.192.0.1:7500:3056"
  udp-encap-port      : UDP port for encapsulation of PGM protocol.
                        flags: readable, writable
                        Unsigned Integer. Range: 0 - 65535 Default: 3056 Current: 3056
  max-tpdu            : Largest supported Transport Protocol Data Unit.
                        flags: readable, writable
                        Unsigned Integer. Range: 36 - 65535 Default: 1500 Current: 1500
  hops                : Multicast packet hop limit.
                        flags: readable, writable
                        Unsigned Integer. Range: 1 - 255 Default: 16 Current: 16
  rxw-sqns            : Size of the receive window in sequence numbers.
                        flags: readable, writable
                        Unsigned Integer. Range: 1 - 65535 Default: 32 Current: 32
  peer-expiry         : Expiration timeout for peers.
                        flags: readable, writable
                        Unsigned Integer. Range: 1 - 4294967295 Default: 300000000 Current: 300000000
  spmr-expiry         : Maximum back-off range before sending a SPM-Request.
                        flags: readable, writable
                        Unsigned Integer. Range: 1 - 4294967295 Default: 250000 Current: 250000
  nak-bo-ivl          : Back-off interval before sending a NAK.
                        flags: readable, writable
                        Unsigned Integer. Range: 1 - 4294967295 Default: 16 Current: 16
  nak-rpt-ivl         : Repeat interval before re-sending a NAK.
                        flags: readable, writable
                        Unsigned Integer. Range: 1 - 4294967295 Default: 2000000 Current: 2000000
  nak-data-ivl        : Timeout waiting for data.
                        flags: readable, writable
                        Unsigned Integer. Range: 1 - 4294967295 Default: 2000000 Current: 2000000
  nak-data-retries    : Maximum number of retries.
                        flags: readable, writable
                        Unsigned Integer. Range: 1 - 4294967295 Default: 5 Current: 5
  nak-ncf-retries     : Maximum number of retries.
                        flags: readable, writable
                        Unsigned Integer. Range: 1 - 4294967295 Default: 2 Current: 2
