Factory Details:
  Long name:	PGM GStreamer-sink
  Class:	Sink/Network/Protocol/Device
  Description:	PGM connectivity
  Author(s):	Miru Limited <mail@miru.hk>
  Rank:		none (0)

Plugin Details:
  Name:			pgm
  Description:		PGM connectivity
  Filename:		./libgstpgm.so
  Version:		0.0.1
  License:		GPL
  Source module:	gstpgm
  Binary package:	gstpgm
  Origin URL:		http://miru.hk/

GObject
 +----GstObject
       +----GstElement
             +----GstBaseSink
                   +----GstPgmSink

Pad Templates:
  SINK template: 'sink'
    Availability: Always
    Capabilities:
      ANY


Element Flags:
  no flags set

Element Implementation:
  No loopfunc(), must be chain-based or not configured yet
  Has change_state() function: gst_base_sink_change_state
  Has custom save_thyself() function: gst_element_save_thyself
  Has custom restore_thyself() function: gst_element_restore_thyself

Element has no clocking capabilities.
Element has no indexing capabilities.

Pads:
  SINK: 'sink'
    Implementation:
      Has chainfunc(): gst_base_sink_chain
      Has custom eventfunc(): gst_base_sink_event
      Has bufferallocfunc(): gst_base_sink_pad_buffer_alloc
    Pad Template: 'sink'

Element Properties:
  name                : The name of the object
                        flags: readable, writable
                        String. Default: null Current: "pgmsink0"
  preroll-queue-len   : Number of buffers to queue during preroll
                        flags: readable, writable
                        Unsigned Integer. Range: 0 - 4294967295 Default: 0 Current: 0
  sync                : Sync on the clock
                        flags: readable, writable
                        Boolean. Default: true Current: true
  max-lateness        : Maximum number of nanoseconds that a buffer can be late before it is dropped (-1 unlimited)
                        flags: readable, writable
                        Integer64. Range: -1 - 9223372036854775807 Default: -1 Current: -1
  qos                 : Generate Quality-of-Service events upstream
                        flags: readable, writable
                        Boolean. Default: false Current: false
  network             : Rendezvous style multicast network definition.
                        flags: readable, writable
                        String. Default: ";239.192.0.1" Current: ";239.192.0.1"
  dport               : Data-destination port.
                        flags: readable, writable
                        Unsigned Integer. Range: 0 - 65535 Default: 7500 Current: 7500
  uri                 : URI in the form of pgm://adapter;receive-multicast-groups;send-multicast-group:destination-port:udp-encapsulation-port
                        flags: readable, writable
                        String. Default: "pgm://;239.192.0.1:7500:3056" Current: "pgm://;239.192.0.1:7500:3056"
  udp-encap-port      : UDP port for encapsulation of PGM protocol.
                        flags: readable, writable
                        Unsigned Integer. Range: 0 - 65535 Default: 3056 Current: 3056
  max-tpdu            : Largest supported Transport Protocol Data Unit.
                        flags: readable, writable
                        Unsigned Integer. Range: 36 - 65535 Default: 1500 Current: 1500
  hops                : Multicast packet hop limit.
                        flags: readable, writable
                        Unsigned Integer. Range: 1 - 255 Default: 16 Current: 16
  txw-sqns            : Size of the transmit window in sequence numbers.
                        flags: readable, writable
                        Unsigned Integer. Range: 1 - 65535 Default: 32 Current: 32
  spm-ambient         : Ambient SPM broadcast interval.
                        flags: readable, writable
                        Unsigned Integer. Range: 1 - 4294967295 Default: 30000000 Current: 30000000
  ihb-min             : Minimum SPM inter-heartbeat timer interval.
                        flags: readable, writable
                        Unsigned Integer. Range: 1 - 4294967295 Default: 100000 Current: 100000
  ihb-max             : Maximum SPM inter-heartbeat timer interval.
                        flags: readable, writable
                        Unsigned Integer. Range: 1 - 4294967295 Default: 30000000 Current: 30000000
